[01:02:36] [main/INFO]: Setting user: ForgeDevName
[01:02:40] [Client thread/INFO]: LWJGL Version: 2.9.1
[01:02:52] [Client thread/INFO]: Reloading ResourceManager: Default, FMLFileResourcePack:Forge Mod Loader, FMLFileResourcePack:Minecraft Forge, FMLFileResourcePack:Tutorial Mod
[01:02:53] [Sound Library Loader/INFO]: Sound engine started
[01:02:59] [Client thread/INFO]: Created: 512x256 textures/blocks-atlas
[01:03:00] [Client thread/INFO]: Created: 256x256 textures/items-atlas
[01:03:00] [Client thread/INFO]: Reloading ResourceManager: Default, FMLFileResourcePack:Forge Mod Loader, FMLFileResourcePack:Minecraft Forge, FMLFileResourcePack:Tutorial Mod
[01:03:01] [Client thread/INFO]: Created: 256x256 textures/items-atlas
[01:03:01] [Client thread/INFO]: Created: 512x256 textures/blocks-atlas
[01:03:03] [Sound Library Loader/INFO]: Sound engine started
[01:03:10] [Server thread/INFO]: Starting integrated minecraft server version 1.7.10
[01:03:10] [Server thread/INFO]: Generating keypair
[01:03:11] [Server thread/INFO]: Preparing start region for level 0
[01:03:12] [Server thread/INFO]: Preparing spawn area: 70%
[01:03:13] [Server thread/INFO]: Changing view distance to 12, from 10
[01:03:15] [Server thread/INFO]: ForgeDevName[local:E:ed7f0d8d] logged in with entity id 237 at (742.228128321465, 4.0, 1734.8022142529937)
[01:03:15] [Server thread/INFO]: ForgeDevName joined the game
[01:03:17] [Server thread/WARN]: Can't keep up! Did the system time change, or is the server overloaded? Running 3171ms behind, skipping 63 tick(s)
[01:03:36] [Server thread/INFO]: Saving and pausing game...
[01:03:36] [Server thread/INFO]: Saving chunks for level 'New World'/Overworld
[01:03:36] [Server thread/INFO]: Saving chunks for level 'New World'/Nether
[01:03:36] [Server thread/INFO]: Saving chunks for level 'New World'/The End
[01:03:54] [Server thread/INFO]: Saving and pausing game...
[01:03:54] [Server thread/INFO]: Saving chunks for level 'New World'/Overworld
[01:03:54] [Server thread/INFO]: Saving chunks for level 'New World'/Nether
[01:03:54] [Server thread/INFO]: Saving chunks for level 'New World'/The End
[01:04:08] [Server thread/INFO]: Saving and pausing game...
[01:04:08] [Server thread/INFO]: Saving chunks for level 'New World'/Overworld
[01:04:08] [Server thread/INFO]: Saving chunks for level 'New World'/Nether
[01:04:08] [Server thread/INFO]: Saving chunks for level 'New World'/The End
[01:11:19] [Server thread/INFO]: Saving and pausing game...
[01:11:20] [Server thread/INFO]: Saving chunks for level 'New World'/Overworld
[01:11:20] [Server thread/INFO]: Saving chunks for level 'New World'/Nether
[01:11:20] [Server thread/INFO]: Saving chunks for level 'New World'/The End
[01:11:40] [Server thread/INFO]: Saving and pausing game...
[01:11:40] [Server thread/INFO]: Saving chunks for level 'New World'/Overworld
[01:11:40] [Server thread/INFO]: Saving chunks for level 'New World'/Nether
[01:11:40] [Server thread/INFO]: Saving chunks for level 'New World'/The End
[01:12:24] [Server thread/INFO]: Saving and pausing game...
[01:12:24] [Server thread/INFO]: Saving chunks for level 'New World'/Overworld
[01:12:24] [Server thread/INFO]: Saving chunks for level 'New World'/Nether
[01:12:24] [Server thread/INFO]: Saving chunks for level 'New World'/The End
[01:12:37] [Server thread/INFO]: Saving and pausing game...
[01:12:37] [Server thread/INFO]: Saving chunks for level 'New World'/Overworld
[01:12:37] [Server thread/INFO]: Saving chunks for level 'New World'/Nether
[01:12:37] [Server thread/INFO]: Saving chunks for level 'New World'/The End
[01:12:38] [Server thread/INFO]: Stopping server
[01:12:38] [Server thread/INFO]: Saving players
[01:12:38] [Server thread/INFO]: Saving worlds
[01:12:38] [Server thread/INFO]: Saving chunks for level 'New World'/Overworld
[01:12:38] [Server thread/INFO]: Saving chunks for level 'New World'/Nether
[01:12:38] [Server thread/INFO]: Saving chunks for level 'New World'/The End
[01:12:41] [Client thread/INFO]: Stopping!
